-- Found ament_cmake: 1.3.14 (/opt/ros/humble/share/ament_cmake/cmake)
-- Found ament_lint_auto: 0.12.15 (/opt/ros/humble/share/ament_lint_auto/cmake)
-- Added test 'lint_cmake' to check CMake code style
-- Added test 'xmllint' to check XML markup files
-- Configuring done
-- Generating done
-- Build files have been written to: /home/lucas/Capstone-Project-P004021Eng/Team_01/build/qbot_platform
-- Install configuration: ""
-- Up-to-date: /home/lucas/Capstone-Project-P004021Eng/Team_01/install/qbot_platform/share/ament_index/resource_index/package_run_dependencies/qbot_platform
-- Up-to-date: /home/lucas/Capstone-Project-P004021Eng/Team_01/install/qbot_platform/share/ament_index/resource_index/parent_prefix_path/qbot_platform
-- Up-to-date: /home/lucas/Capstone-Project-P004021Eng/Team_01/install/qbot_platform/share/qbot_platform/environment/ament_prefix_path.sh
-- Installing: /home/lucas/Capstone-Project-P004021Eng/Team_01/install/qbot_platform/share/qbot_platform/environment/ament_prefix_path.dsv
-- Up-to-date: /home/lucas/Capstone-Project-P004021Eng/Team_01/install/qbot_platform/share/qbot_platform/environment/path.sh
-- Installing: /home/lucas/Capstone-Project-P004021Eng/Team_01/install/qbot_platform/share/qbot_platform/environment/path.dsv
-- Up-to-date: /home/lucas/Capstone-Project-P004021Eng/Team_01/install/qbot_platform/share/qbot_platform/local_setup.bash
-- Up-to-date: /home/lucas/Capstone-Project-P004021Eng/Team_01/install/qbot_platform/share/qbot_platform/local_setup.sh
-- Up-to-date: /home/lucas/Capstone-Project-P004021Eng/Team_01/install/qbot_platform/share/qbot_platform/local_setup.zsh
-- Installing: /home/lucas/Capstone-Project-P004021Eng/Team_01/install/qbot_platform/share/qbot_platform/local_setup.dsv
-- Installing: /home/lucas/Capstone-Project-P004021Eng/Team_01/install/qbot_platform/share/qbot_platform/package.dsv
-- Up-to-date: /home/lucas/Capstone-Project-P004021Eng/Team_01/install/qbot_platform/share/ament_index/resource_index/packages/qbot_platform
-- Up-to-date: /home/lucas/Capstone-Project-P004021Eng/Team_01/install/qbot_platform/share/qbot_platform/cmake/qbot_platformConfig.cmake
-- Up-to-date: /home/lucas/Capstone-Project-P004021Eng/Team_01/install/qbot_platform/share/qbot_platform/cmake/qbot_platformConfig-version.cmake
-- Installing: /home/lucas/Capstone-Project-P004021Eng/Team_01/install/qbot_platform/share/qbot_platform/package.xml
