[0.022s] Invoking command in '/home/lucas/Capstone-Project-P004021Eng/Team_01/build/qbot_platform': CMAKE_PREFIX_PATH=/opt/ros/humble /usr/bin/cmake --build /home/lucas/Capstone-Project-P004021Eng/Team_01/build/qbot_platform -- -j16 -l16
[0.074s] -- Found ament_cmake: 1.3.14 (/opt/ros/humble/share/ament_cmake/cmake)
[0.301s] -- Found ament_lint_auto: 0.12.15 (/opt/ros/humble/share/ament_lint_auto/cmake)
[0.435s] -- Added test 'lint_cmake' to check CMake code style
[0.438s] -- Added test 'xmllint' to check XML markup files
[0.442s] -- Configuring done
[0.453s] -- Generating done
[0.457s] -- Build files have been written to: /home/lucas/Capstone-Project-P004021Eng/Team_01/build/qbot_platform
[0.496s] Invoked command in '/home/lucas/Capstone-Project-P004021Eng/Team_01/build/qbot_platform' returned '0': CMAKE_PREFIX_PATH=/opt/ros/humble /usr/bin/cmake --build /home/lucas/Capstone-Project-P004021Eng/Team_01/build/qbot_platform -- -j16 -l16
[0.517s] Invoking command in '/home/lucas/Capstone-Project-P004021Eng/Team_01/build/qbot_platform': CMAKE_PREFIX_PATH=/opt/ros/humble /usr/bin/cmake --install /home/lucas/Capstone-Project-P004021Eng/Team_01/build/qbot_platform
[0.530s] -- Install configuration: ""
[0.530s] -- Up-to-date: /home/lucas/Capstone-Project-P004021Eng/Team_01/install/qbot_platform/share/ament_index/resource_index/package_run_dependencies/qbot_platform
[0.531s] -- Up-to-date: /home/lucas/Capstone-Project-P004021Eng/Team_01/install/qbot_platform/share/ament_index/resource_index/parent_prefix_path/qbot_platform
[0.531s] -- Up-to-date: /home/lucas/Capstone-Project-P004021Eng/Team_01/install/qbot_platform/share/qbot_platform/environment/ament_prefix_path.sh
[0.531s] -- Installing: /home/lucas/Capstone-Project-P004021Eng/Team_01/install/qbot_platform/share/qbot_platform/environment/ament_prefix_path.dsv
[0.531s] -- Up-to-date: /home/lucas/Capstone-Project-P004021Eng/Team_01/install/qbot_platform/share/qbot_platform/environment/path.sh
[0.531s] -- Installing: /home/lucas/Capstone-Project-P004021Eng/Team_01/install/qbot_platform/share/qbot_platform/environment/path.dsv
[0.532s] -- Up-to-date: /home/lucas/Capstone-Project-P004021Eng/Team_01/install/qbot_platform/share/qbot_platform/local_setup.bash
[0.532s] -- Up-to-date: /home/lucas/Capstone-Project-P004021Eng/Team_01/install/qbot_platform/share/qbot_platform/local_setup.sh
[0.532s] -- Up-to-date: /home/lucas/Capstone-Project-P004021Eng/Team_01/install/qbot_platform/share/qbot_platform/local_setup.zsh
[0.532s] -- Installing: /home/lucas/Capstone-Project-P004021Eng/Team_01/install/qbot_platform/share/qbot_platform/local_setup.dsv
[0.533s] -- Installing: /home/lucas/Capstone-Project-P004021Eng/Team_01/install/qbot_platform/share/qbot_platform/package.dsv
[0.533s] -- Up-to-date: /home/lucas/Capstone-Project-P004021Eng/Team_01/install/qbot_platform/share/ament_index/resource_index/packages/qbot_platform
[0.534s] -- Up-to-date: /home/lucas/Capstone-Project-P004021Eng/Team_01/install/qbot_platform/share/qbot_platform/cmake/qbot_platformConfig.cmake
[0.534s] -- Up-to-date: /home/lucas/Capstone-Project-P004021Eng/Team_01/install/qbot_platform/share/qbot_platform/cmake/qbot_platformConfig-version.cmake
[0.534s] -- Installing: /home/lucas/Capstone-Project-P004021Eng/Team_01/install/qbot_platform/share/qbot_platform/package.xml
[0.538s] Invoked command in '/home/lucas/Capstone-Project-P004021Eng/Team_01/build/qbot_platform' returned '0': CMAKE_PREFIX_PATH=/opt/ros/humble /usr/bin/cmake --install /home/lucas/Capstone-Project-P004021Eng/Team_01/build/qbot_platform
