[0.481s] DEBUG:colcon:Command line arguments: ['/usr/bin/colcon', 'build']
[0.481s] DEBUG:colcon:Parsed command line arguments: Namespace(log_base=None, log_level=None, verb_name='build', build_base='build', install_base='install', merge_install=False, symlink_install=False, test_result_base=None, continue_on_error=False, executor='parallel', parallel_workers=16, event_handlers=None, ignore_user_meta=False, metas=['./colcon.meta'], base_paths=['.'], packages_ignore=None, packages_ignore_regex=None, paths=None, packages_up_to=None, packages_up_to_regex=None, packages_above=None, packages_above_and_dependencies=None, packages_above_depth=None, packages_select_by_dep=None, packages_skip_by_dep=None, packages_skip_up_to=None, packages_select_build_failed=False, packages_skip_build_finished=False, packages_select_test_failures=False, packages_skip_test_passed=False, packages_select=None, packages_skip=None, packages_select_regex=None, packages_skip_regex=None, packages_start=None, packages_end=None, allow_overriding=[], cmake_args=None, cmake_target=None, cmake_target_skip_unavailable=False, cmake_clean_cache=False, cmake_clean_first=False, cmake_force_configure=False, ament_cmake_args=None, catkin_cmake_args=None, catkin_skip_building_tests=False, verb_parser=<colcon_defaults.argument_parser.defaults.DefaultArgumentsDecorator object at 0x780976c2f2e0>, verb_extension=<colcon_core.verb.build.BuildVerb object at 0x780976c2ece0>, main=<bound method BuildVerb.main of <colcon_core.verb.build.BuildVerb object at 0x780976c2ece0>>)
[0.979s] Level 1:colcon.colcon_core.package_discovery:discover_packages(colcon_meta) check parameters
[0.980s] Level 1:colcon.colcon_core.package_discovery:discover_packages(recursive) check parameters
[0.980s] Level 1:colcon.colcon_core.package_discovery:discover_packages(ignore) check parameters
[0.980s] Level 1:colcon.colcon_core.package_discovery:discover_packages(path) check parameters
[0.980s] Level 1:colcon.colcon_core.package_discovery:discover_packages(colcon_meta) discover
[0.980s] Level 1:colcon.colcon_core.package_discovery:discover_packages(recursive) discover
[0.980s] INFO:colcon.colcon_core.package_discovery:Crawling recursively for packages in '/home/lucas/Capstone-Project-P004021Eng/Team_01'
[0.980s] Level 1:colcon.colcon_core.package_identification:_identify(.) by extensions ['ignore', 'ignore_ament_install']
[0.980s] Level 1:colcon.colcon_core.package_identification:_identify(.) by extension 'ignore'
[0.980s] Level 1:colcon.colcon_core.package_identification:_identify(.) by extension 'ignore_ament_install'
[0.981s] Level 1:colcon.colcon_core.package_identification:_identify(.) by extensions ['colcon_pkg']
[0.981s] Level 1:colcon.colcon_core.package_identification:_identify(.) by extension 'colcon_pkg'
[0.981s] Level 1:colcon.colcon_core.package_identification:_identify(.) by extensions ['colcon_meta']
[0.981s] Level 1:colcon.colcon_core.package_identification:_identify(.) by extension 'colcon_meta'
[0.981s] Level 1:colcon.colcon_core.package_identification:_identify(.) by extensions ['ros']
[0.981s] Level 1:colcon.colcon_core.package_identification:_identify(.) by extension 'ros'
[1.003s] Level 1:colcon.colcon_core.package_identification:_identify(.) by extensions ['cmake', 'python']
[1.003s] Level 1:colcon.colcon_core.package_identification:_identify(.) by extension 'cmake'
[1.003s] Level 1:colcon.colcon_core.package_identification:_identify(.) by extension 'python'
[1.003s] Level 1:colcon.colcon_core.package_identification:_identify(.) by extensions ['python_setup_py']
[1.003s] Level 1:colcon.colcon_core.package_identification:_identify(.) by extension 'python_setup_py'
[1.004s] Level 1:colcon.colcon_core.package_identification:_identify(build) by extensions ['ignore', 'ignore_ament_install']
[1.004s] Level 1:colcon.colcon_core.package_identification:_identify(build) by extension 'ignore'
[1.004s] Level 1:colcon.colcon_core.package_identification:_identify(build) ignored
[1.004s] Level 1:colcon.colcon_core.package_identification:_identify(install) by extensions ['ignore', 'ignore_ament_install']
[1.004s] Level 1:colcon.colcon_core.package_identification:_identify(install) by extension 'ignore'
[1.005s] Level 1:colcon.colcon_core.package_identification:_identify(install) ignored
[1.005s] Level 1:colcon.colcon_core.package_identification:_identify(log) by extensions ['ignore', 'ignore_ament_install']
[1.005s] Level 1:colcon.colcon_core.package_identification:_identify(log) by extension 'ignore'
[1.005s] Level 1:colcon.colcon_core.package_identification:_identify(log) ignored
[1.005s] Level 1:colcon.colcon_core.package_identification:_identify(qbot_platform) by extensions ['ignore', 'ignore_ament_install']
[1.005s] Level 1:colcon.colcon_core.package_identification:_identify(qbot_platform) by extension 'ignore'
[1.005s] Level 1:colcon.colcon_core.package_identification:_identify(qbot_platform) by extension 'ignore_ament_install'
[1.006s] Level 1:colcon.colcon_core.package_identification:_identify(qbot_platform) by extensions ['colcon_pkg']
[1.006s] Level 1:colcon.colcon_core.package_identification:_identify(qbot_platform) by extension 'colcon_pkg'
[1.006s] Level 1:colcon.colcon_core.package_identification:_identify(qbot_platform) by extensions ['colcon_meta']
[1.006s] Level 1:colcon.colcon_core.package_identification:_identify(qbot_platform) by extension 'colcon_meta'
[1.006s] Level 1:colcon.colcon_core.package_identification:_identify(qbot_platform) by extensions ['ros']
[1.006s] Level 1:colcon.colcon_core.package_identification:_identify(qbot_platform) by extension 'ros'
[1.010s] DEBUG:colcon.colcon_core.package_identification:Package 'qbot_platform' with type 'ros.ament_cmake' and name 'qbot_platform'
[1.011s] Level 1:colcon.colcon_core.package_discovery:discover_packages(recursive) using defaults
[1.011s] Level 1:colcon.colcon_core.package_discovery:discover_packages(ignore) discover
[1.011s] Level 1:colcon.colcon_core.package_discovery:discover_packages(ignore) using defaults
[1.011s] Level 1:colcon.colcon_core.package_discovery:discover_packages(path) discover
[1.011s] Level 1:colcon.colcon_core.package_discovery:discover_packages(path) using defaults
[1.055s] Level 1:colcon.colcon_core.package_discovery:discover_packages(prefix_path) check parameters
[1.055s] Level 1:colcon.colcon_core.package_discovery:discover_packages(prefix_path) discover
[1.063s] DEBUG:colcon.colcon_installed_package_information.package_discovery:Found 273 installed packages in /opt/ros/humble
[1.065s] Level 1:colcon.colcon_core.package_discovery:discover_packages(prefix_path) using defaults
[1.292s] Level 5:colcon.colcon_core.verb:set package 'qbot_platform' build argument 'cmake_args' from command line to 'None'
[1.292s] Level 5:colcon.colcon_core.verb:set package 'qbot_platform' build argument 'cmake_target' from command line to 'None'
[1.292s] Level 5:colcon.colcon_core.verb:set package 'qbot_platform' build argument 'cmake_target_skip_unavailable' from command line to 'False'
[1.292s] Level 5:colcon.colcon_core.verb:set package 'qbot_platform' build argument 'cmake_clean_cache' from command line to 'False'
[1.292s] Level 5:colcon.colcon_core.verb:set package 'qbot_platform' build argument 'cmake_clean_first' from command line to 'False'
[1.292s] Level 5:colcon.colcon_core.verb:set package 'qbot_platform' build argument 'cmake_force_configure' from command line to 'False'
[1.292s] Level 5:colcon.colcon_core.verb:set package 'qbot_platform' build argument 'ament_cmake_args' from command line to 'None'
[1.292s] Level 5:colcon.colcon_core.verb:set package 'qbot_platform' build argument 'catkin_cmake_args' from command line to 'None'
[1.292s] Level 5:colcon.colcon_core.verb:set package 'qbot_platform' build argument 'catkin_skip_building_tests' from command line to 'False'
[1.292s] DEBUG:colcon.colcon_core.verb:Building package 'qbot_platform' with the following arguments: {'ament_cmake_args': None, 'build_base': '/home/lucas/Capstone-Project-P004021Eng/Team_01/build/qbot_platform', 'catkin_cmake_args': None, 'catkin_skip_building_tests': False, 'cmake_args': None, 'cmake_clean_cache': False, 'cmake_clean_first': False, 'cmake_force_configure': False, 'cmake_target': None, 'cmake_target_skip_unavailable': False, 'install_base': '/home/lucas/Capstone-Project-P004021Eng/Team_01/install/qbot_platform', 'merge_install': False, 'path': '/home/lucas/Capstone-Project-P004021Eng/Team_01/qbot_platform', 'symlink_install': False, 'test_result_base': None}
[1.292s] INFO:colcon.colcon_core.executor:Executing jobs using 'parallel' executor
[1.294s] DEBUG:colcon.colcon_parallel_executor.executor.parallel:run_until_complete
[1.295s] INFO:colcon.colcon_ros.task.ament_cmake.build:Building ROS package in '/home/lucas/Capstone-Project-P004021Eng/Team_01/qbot_platform' with build type 'ament_cmake'
[1.295s] INFO:colcon.colcon_cmake.task.cmake.build:Building CMake package in '/home/lucas/Capstone-Project-P004021Eng/Team_01/qbot_platform'
[1.303s] INFO:colcon.colcon_core.plugin_system:Skipping extension 'colcon_core.shell.bat': Not used on non-Windows systems
[1.303s] INFO:colcon.colcon_core.shell:Skip shell extension 'powershell' for command environment: Not usable outside of PowerShell
[1.304s] DEBUG:colcon.colcon_core.shell:Skip shell extension 'dsv' for command environment
[1.320s] DEBUG:colcon.colcon_core.event_handler.log_command:Invoking command in '/home/lucas/Capstone-Project-P004021Eng/Team_01/build/qbot_platform': CMAKE_PREFIX_PATH=/opt/ros/humble /usr/bin/cmake /home/lucas/Capstone-Project-P004021Eng/Team_01/qbot_platform -DCMAKE_INSTALL_PREFIX=/home/lucas/Capstone-Project-P004021Eng/Team_01/install/qbot_platform
[4.115s] DEBUG:colcon.colcon_core.event_handler.log_command:Invoked command in '/home/lucas/Capstone-Project-P004021Eng/Team_01/build/qbot_platform' returned '0': CMAKE_PREFIX_PATH=/opt/ros/humble /usr/bin/cmake /home/lucas/Capstone-Project-P004021Eng/Team_01/qbot_platform -DCMAKE_INSTALL_PREFIX=/home/lucas/Capstone-Project-P004021Eng/Team_01/install/qbot_platform
[4.118s] DEBUG:colcon.colcon_core.event_handler.log_command:Invoking command in '/home/lucas/Capstone-Project-P004021Eng/Team_01/build/qbot_platform': CMAKE_PREFIX_PATH=/opt/ros/humble /usr/bin/cmake --build /home/lucas/Capstone-Project-P004021Eng/Team_01/build/qbot_platform -- -j16 -l16
[4.165s] DEBUG:colcon.colcon_core.event_handler.log_command:Invoked command in '/home/lucas/Capstone-Project-P004021Eng/Team_01/build/qbot_platform' returned '0': CMAKE_PREFIX_PATH=/opt/ros/humble /usr/bin/cmake --build /home/lucas/Capstone-Project-P004021Eng/Team_01/build/qbot_platform -- -j16 -l16
[4.176s] DEBUG:colcon.colcon_core.event_handler.log_command:Invoking command in '/home/lucas/Capstone-Project-P004021Eng/Team_01/build/qbot_platform': CMAKE_PREFIX_PATH=/opt/ros/humble /usr/bin/cmake --install /home/lucas/Capstone-Project-P004021Eng/Team_01/build/qbot_platform
[4.196s] Level 1:colcon.colcon_core.environment:create_environment_scripts_only(qbot_platform)
[4.198s] DEBUG:colcon.colcon_core.event_handler.log_command:Invoked command in '/home/lucas/Capstone-Project-P004021Eng/Team_01/build/qbot_platform' returned '0': CMAKE_PREFIX_PATH=/opt/ros/humble /usr/bin/cmake --install /home/lucas/Capstone-Project-P004021Eng/Team_01/build/qbot_platform
[4.206s] Level 1:colcon.colcon_core.environment:checking '/home/lucas/Capstone-Project-P004021Eng/Team_01/install/qbot_platform' for CMake module files
[4.206s] Level 1:colcon.colcon_core.environment:checking '/home/lucas/Capstone-Project-P004021Eng/Team_01/install/qbot_platform' for CMake config files
[4.207s] Level 1:colcon.colcon_core.shell:create_environment_hook('qbot_platform', 'cmake_prefix_path')
[4.207s] INFO:colcon.colcon_core.shell:Creating environment hook '/home/lucas/Capstone-Project-P004021Eng/Team_01/install/qbot_platform/share/qbot_platform/hook/cmake_prefix_path.ps1'
[4.210s] INFO:colcon.colcon_core.shell:Creating environment descriptor '/home/lucas/Capstone-Project-P004021Eng/Team_01/install/qbot_platform/share/qbot_platform/hook/cmake_prefix_path.dsv'
[4.210s] INFO:colcon.colcon_core.shell:Creating environment hook '/home/lucas/Capstone-Project-P004021Eng/Team_01/install/qbot_platform/share/qbot_platform/hook/cmake_prefix_path.sh'
[4.212s] Level 1:colcon.colcon_core.environment:checking '/home/lucas/Capstone-Project-P004021Eng/Team_01/install/qbot_platform/bin'
[4.212s] Level 1:colcon.colcon_core.environment:checking '/home/lucas/Capstone-Project-P004021Eng/Team_01/install/qbot_platform/lib/pkgconfig/qbot_platform.pc'
[4.212s] Level 1:colcon.colcon_core.environment:checking '/home/lucas/Capstone-Project-P004021Eng/Team_01/install/qbot_platform/lib/python3.10/site-packages'
[4.212s] Level 1:colcon.colcon_core.environment:checking '/home/lucas/Capstone-Project-P004021Eng/Team_01/install/qbot_platform/bin'
[4.213s] INFO:colcon.colcon_core.shell:Creating package script '/home/lucas/Capstone-Project-P004021Eng/Team_01/install/qbot_platform/share/qbot_platform/package.ps1'
[4.214s] INFO:colcon.colcon_core.shell:Creating package descriptor '/home/lucas/Capstone-Project-P004021Eng/Team_01/install/qbot_platform/share/qbot_platform/package.dsv'
[4.216s] INFO:colcon.colcon_core.shell:Creating package script '/home/lucas/Capstone-Project-P004021Eng/Team_01/install/qbot_platform/share/qbot_platform/package.sh'
[4.217s] INFO:colcon.colcon_core.shell:Creating package script '/home/lucas/Capstone-Project-P004021Eng/Team_01/install/qbot_platform/share/qbot_platform/package.bash'
[4.218s] INFO:colcon.colcon_core.shell:Creating package script '/home/lucas/Capstone-Project-P004021Eng/Team_01/install/qbot_platform/share/qbot_platform/package.zsh'
[4.219s] Level 1:colcon.colcon_core.environment:create_file_with_runtime_dependencies(/home/lucas/Capstone-Project-P004021Eng/Team_01/install/qbot_platform/share/colcon-core/packages/qbot_platform)
[4.222s] Level 1:colcon.colcon_core.environment:create_environment_scripts_only(qbot_platform)
[4.223s] Level 1:colcon.colcon_core.environment:checking '/home/lucas/Capstone-Project-P004021Eng/Team_01/install/qbot_platform' for CMake module files
[4.223s] Level 1:colcon.colcon_core.environment:checking '/home/lucas/Capstone-Project-P004021Eng/Team_01/install/qbot_platform' for CMake config files
[4.224s] Level 1:colcon.colcon_core.shell:create_environment_hook('qbot_platform', 'cmake_prefix_path')
[4.224s] INFO:colcon.colcon_core.shell:Creating environment hook '/home/lucas/Capstone-Project-P004021Eng/Team_01/install/qbot_platform/share/qbot_platform/hook/cmake_prefix_path.ps1'
[4.225s] INFO:colcon.colcon_core.shell:Creating environment descriptor '/home/lucas/Capstone-Project-P004021Eng/Team_01/install/qbot_platform/share/qbot_platform/hook/cmake_prefix_path.dsv'
[4.225s] INFO:colcon.colcon_core.shell:Creating environment hook '/home/lucas/Capstone-Project-P004021Eng/Team_01/install/qbot_platform/share/qbot_platform/hook/cmake_prefix_path.sh'
[4.226s] Level 1:colcon.colcon_core.environment:checking '/home/lucas/Capstone-Project-P004021Eng/Team_01/install/qbot_platform/bin'
[4.226s] Level 1:colcon.colcon_core.environment:checking '/home/lucas/Capstone-Project-P004021Eng/Team_01/install/qbot_platform/lib/pkgconfig/qbot_platform.pc'
[4.226s] Level 1:colcon.colcon_core.environment:checking '/home/lucas/Capstone-Project-P004021Eng/Team_01/install/qbot_platform/lib/python3.10/site-packages'
[4.226s] Level 1:colcon.colcon_core.environment:checking '/home/lucas/Capstone-Project-P004021Eng/Team_01/install/qbot_platform/bin'
[4.227s] INFO:colcon.colcon_core.shell:Creating package script '/home/lucas/Capstone-Project-P004021Eng/Team_01/install/qbot_platform/share/qbot_platform/package.ps1'
[4.228s] INFO:colcon.colcon_core.shell:Creating package descriptor '/home/lucas/Capstone-Project-P004021Eng/Team_01/install/qbot_platform/share/qbot_platform/package.dsv'
[4.228s] INFO:colcon.colcon_core.shell:Creating package script '/home/lucas/Capstone-Project-P004021Eng/Team_01/install/qbot_platform/share/qbot_platform/package.sh'
[4.229s] INFO:colcon.colcon_core.shell:Creating package script '/home/lucas/Capstone-Project-P004021Eng/Team_01/install/qbot_platform/share/qbot_platform/package.bash'
[4.229s] INFO:colcon.colcon_core.shell:Creating package script '/home/lucas/Capstone-Project-P004021Eng/Team_01/install/qbot_platform/share/qbot_platform/package.zsh'
[4.229s] Level 1:colcon.colcon_core.environment:create_file_with_runtime_dependencies(/home/lucas/Capstone-Project-P004021Eng/Team_01/install/qbot_platform/share/colcon-core/packages/qbot_platform)
[4.230s] DEBUG:colcon.colcon_parallel_executor.executor.parallel:closing loop
[4.230s] DEBUG:colcon.colcon_parallel_executor.executor.parallel:loop closed
[4.230s] DEBUG:colcon.colcon_parallel_executor.executor.parallel:run_until_complete finished with '0'
[4.230s] DEBUG:colcon.colcon_core.event_reactor:joining thread
[4.307s] INFO:colcon.colcon_core.plugin_system:Skipping extension 'colcon_notification.desktop_notification.notify_send': Could not find 'notify-send'
[4.307s] INFO:colcon.colcon_core.plugin_system:Skipping extension 'colcon_notification.desktop_notification.terminal_notifier': Not used on non-Darwin systems
[4.307s] INFO:colcon.colcon_core.plugin_system:Skipping extension 'colcon_notification.desktop_notification.win32': Not used on non-Windows systems
[4.307s] INFO:colcon.colcon_notification.desktop_notification:Sending desktop notification using 'notify2'
[4.308s] DEBUG:colcon.colcon_notification.desktop_notification.notify2:Failed to initialize notify2: org.freedesktop.DBus.Error.FileNotFound: Failed to connect to socket /run/user/1000/bus: No such file or directory
[4.308s] DEBUG:colcon.colcon_core.event_reactor:joined thread
[4.308s] INFO:colcon.colcon_core.shell:Creating prefix script '/home/lucas/Capstone-Project-P004021Eng/Team_01/install/local_setup.ps1'
[4.313s] INFO:colcon.colcon_core.shell:Creating prefix util module '/home/lucas/Capstone-Project-P004021Eng/Team_01/install/_local_setup_util_ps1.py'
[4.315s] INFO:colcon.colcon_core.shell:Creating prefix chain script '/home/lucas/Capstone-Project-P004021Eng/Team_01/install/setup.ps1'
[4.316s] INFO:colcon.colcon_core.shell:Creating prefix script '/home/lucas/Capstone-Project-P004021Eng/Team_01/install/local_setup.sh'
[4.318s] INFO:colcon.colcon_core.shell:Creating prefix util module '/home/lucas/Capstone-Project-P004021Eng/Team_01/install/_local_setup_util_sh.py'
[4.319s] INFO:colcon.colcon_core.shell:Creating prefix chain script '/home/lucas/Capstone-Project-P004021Eng/Team_01/install/setup.sh'
[4.320s] INFO:colcon.colcon_core.shell:Creating prefix script '/home/lucas/Capstone-Project-P004021Eng/Team_01/install/local_setup.bash'
[4.321s] INFO:colcon.colcon_core.shell:Creating prefix chain script '/home/lucas/Capstone-Project-P004021Eng/Team_01/install/setup.bash'
[4.323s] INFO:colcon.colcon_core.shell:Creating prefix script '/home/lucas/Capstone-Project-P004021Eng/Team_01/install/local_setup.zsh'
[4.323s] INFO:colcon.colcon_core.shell:Creating prefix chain script '/home/lucas/Capstone-Project-P004021Eng/Team_01/install/setup.zsh'
