[0.026s] Invoking command in '/home/lucas/Capstone-Project-P004021Eng/Team_01/build/qbot_platform': /usr/bin/cmake --build /home/lucas/Capstone-Project-P004021Eng/Team_01/build/qbot_platform -- -j16 -l16
[0.074s] -- Found ament_cmake: 1.3.14 (/opt/ros/humble/share/ament_cmake/cmake)
[0.344s] -- Found cv_bridge: 3.2.1 (/opt/ros/humble/share/cv_bridge/cmake)
[0.631s] -- Found rosidl_generator_c: 3.1.8 (/opt/ros/humble/share/rosidl_generator_c/cmake)
[0.641s] -- Found rosidl_adapter: 3.1.8 (/opt/ros/humble/share/rosidl_adapter/cmake)
[0.658s] -- Found rosidl_generator_cpp: 3.1.8 (/opt/ros/humble/share/rosidl_generator_cpp/cmake)
[0.687s] -- Using all available rosidl_typesupport_c: rosidl_typesupport_fastrtps_c;rosidl_typesupport_introspection_c
[0.715s] -- Using all available rosidl_typesupport_cpp: rosidl_typesupport_fastrtps_cpp;rosidl_typesupport_introspection_cpp
[0.815s] -- Found image_transport: 3.1.12 (/opt/ros/humble/share/image_transport/cmake)
[0.975s] -- Found rmw_implementation_cmake: 6.1.2 (/opt/ros/humble/share/rmw_implementation_cmake/cmake)
[0.980s] -- Found rmw_fastrtps_cpp: 6.2.10 (/opt/ros/humble/share/rmw_fastrtps_cpp/cmake)
[2.678s] -- Found OpenSSL: /usr/lib/x86_64-linux-gnu/libcrypto.so (found version "3.0.2")  
[4.415s] -- Found FastRTPS: /opt/ros/humble/include  
[7.202s] -- Using RMW implementation 'rmw_fastrtps_cpp' as default
[7.222s] -- Looking for pthread.h
[7.511s] -- Looking for pthread.h - found
[7.511s] -- Performing Test CMAKE_HAVE_LIBC_PTHREAD
[7.703s] -- Performing Test CMAKE_HAVE_LIBC_PTHREAD - Success
[7.704s] -- Found Threads: TRUE  
[9.272s] -- Found OpenCV: /usr (found version "4.5.4") found components: highgui imgcodecs imgproc videoio 
[10.623s] [31mCMake Error at CMakeLists.txt:19 (find_package):
[10.624s]   By not providing "Findcontrol_msgs.cmake" in CMAKE_MODULE_PATH this project
[10.624s]   has asked CMake to find a package configuration file provided by
[10.624s]   "control_msgs", but CMake did not find one.
[10.624s] 
[10.624s]   Could not find a package configuration file provided by "control_msgs" with
[10.624s]   any of the following names:
[10.624s] 
[10.625s]     control_msgsConfig.cmake
[10.625s]     control_msgs-config.cmake
[10.625s] 
[10.625s]   Add the installation prefix of "control_msgs" to CMAKE_PREFIX_PATH or set
[10.625s]   "control_msgs_DIR" to a directory containing one of the above files.  If
[10.625s]   "control_msgs" provides a separate development package or SDK, be sure it
[10.625s]   has been installed.
[10.625s] 
[10.626s] [0m
[10.626s] -- Configuring incomplete, errors occurred!
[10.626s] See also "/home/lucas/Capstone-Project-P004021Eng/Team_01/build/qbot_platform/CMakeFiles/CMakeOutput.log".
[10.634s] gmake: *** [Makefile:226: cmake_check_build_system] Error 1
[10.637s] Invoked command in '/home/lucas/Capstone-Project-P004021Eng/Team_01/build/qbot_platform' returned '2': /usr/bin/cmake --build /home/lucas/Capstone-Project-P004021Eng/Team_01/build/qbot_platform -- -j16 -l16
