[0.501s] DEBUG:colcon:Command line arguments: ['/usr/bin/colcon', 'build']
[0.501s] DEBUG:colcon:Parsed command line arguments: Namespace(log_base=None, log_level=None, verb_name='build', build_base='build', install_base='install', merge_install=False, symlink_install=False, test_result_base=None, continue_on_error=False, executor='parallel', parallel_workers=16, event_handlers=None, ignore_user_meta=False, metas=['./colcon.meta'], base_paths=['.'], packages_ignore=None, packages_ignore_regex=None, paths=None, packages_up_to=None, packages_up_to_regex=None, packages_above=None, packages_above_and_dependencies=None, packages_above_depth=None, packages_select_by_dep=None, packages_skip_by_dep=None, packages_skip_up_to=None, packages_select_build_failed=False, packages_skip_build_finished=False, packages_select_test_failures=False, packages_skip_test_passed=False, packages_select=None, packages_skip=None, packages_select_regex=None, packages_skip_regex=None, packages_start=None, packages_end=None, allow_overriding=[], cmake_args=None, cmake_target=None, cmake_target_skip_unavailable=False, cmake_clean_cache=False, cmake_clean_first=False, cmake_force_configure=False, ament_cmake_args=None, catkin_cmake_args=None, catkin_skip_building_tests=False, verb_parser=<colcon_defaults.argument_parser.defaults.DefaultArgumentsDecorator object at 0x7ee5fc7332e0>, verb_extension=<colcon_core.verb.build.BuildVerb object at 0x7ee5fc732ce0>, main=<bound method BuildVerb.main of <colcon_core.verb.build.BuildVerb object at 0x7ee5fc732ce0>>)
[1.031s] Level 1:colcon.colcon_core.package_discovery:discover_packages(colcon_meta) check parameters
[1.032s] Level 1:colcon.colcon_core.package_discovery:discover_packages(recursive) check parameters
[1.032s] Level 1:colcon.colcon_core.package_discovery:discover_packages(ignore) check parameters
[1.032s] Level 1:colcon.colcon_core.package_discovery:discover_packages(path) check parameters
[1.032s] Level 1:colcon.colcon_core.package_discovery:discover_packages(colcon_meta) discover
[1.032s] Level 1:colcon.colcon_core.package_discovery:discover_packages(recursive) discover
[1.032s] INFO:colcon.colcon_core.package_discovery:Crawling recursively for packages in '/home/lucas/Capstone-Project-P004021Eng/Team_01'
[1.032s] Level 1:colcon.colcon_core.package_identification:_identify(.) by extensions ['ignore', 'ignore_ament_install']
[1.032s] Level 1:colcon.colcon_core.package_identification:_identify(.) by extension 'ignore'
[1.032s] Level 1:colcon.colcon_core.package_identification:_identify(.) by extension 'ignore_ament_install'
[1.033s] Level 1:colcon.colcon_core.package_identification:_identify(.) by extensions ['colcon_pkg']
[1.033s] Level 1:colcon.colcon_core.package_identification:_identify(.) by extension 'colcon_pkg'
[1.033s] Level 1:colcon.colcon_core.package_identification:_identify(.) by extensions ['colcon_meta']
[1.033s] Level 1:colcon.colcon_core.package_identification:_identify(.) by extension 'colcon_meta'
[1.033s] Level 1:colcon.colcon_core.package_identification:_identify(.) by extensions ['ros']
[1.033s] Level 1:colcon.colcon_core.package_identification:_identify(.) by extension 'ros'
[1.055s] Level 1:colcon.colcon_core.package_identification:_identify(.) by extensions ['cmake', 'python']
[1.055s] Level 1:colcon.colcon_core.package_identification:_identify(.) by extension 'cmake'
[1.055s] Level 1:colcon.colcon_core.package_identification:_identify(.) by extension 'python'
[1.055s] Level 1:colcon.colcon_core.package_identification:_identify(.) by extensions ['python_setup_py']
[1.055s] Level 1:colcon.colcon_core.package_identification:_identify(.) by extension 'python_setup_py'
[1.056s] Level 1:colcon.colcon_core.package_identification:_identify(build) by extensions ['ignore', 'ignore_ament_install']
[1.056s] Level 1:colcon.colcon_core.package_identification:_identify(build) by extension 'ignore'
[1.056s] Level 1:colcon.colcon_core.package_identification:_identify(build) ignored
[1.056s] Level 1:colcon.colcon_core.package_identification:_identify(install) by extensions ['ignore', 'ignore_ament_install']
[1.057s] Level 1:colcon.colcon_core.package_identification:_identify(install) by extension 'ignore'
[1.057s] Level 1:colcon.colcon_core.package_identification:_identify(install) ignored
[1.057s] Level 1:colcon.colcon_core.package_identification:_identify(log) by extensions ['ignore', 'ignore_ament_install']
[1.057s] Level 1:colcon.colcon_core.package_identification:_identify(log) by extension 'ignore'
[1.057s] Level 1:colcon.colcon_core.package_identification:_identify(log) ignored
[1.057s] Level 1:colcon.colcon_core.package_identification:_identify(qbot_platform) by extensions ['ignore', 'ignore_ament_install']
[1.057s] Level 1:colcon.colcon_core.package_identification:_identify(qbot_platform) by extension 'ignore'
[1.057s] Level 1:colcon.colcon_core.package_identification:_identify(qbot_platform) by extension 'ignore_ament_install'
[1.058s] Level 1:colcon.colcon_core.package_identification:_identify(qbot_platform) by extensions ['colcon_pkg']
[1.058s] Level 1:colcon.colcon_core.package_identification:_identify(qbot_platform) by extension 'colcon_pkg'
[1.058s] Level 1:colcon.colcon_core.package_identification:_identify(qbot_platform) by extensions ['colcon_meta']
[1.058s] Level 1:colcon.colcon_core.package_identification:_identify(qbot_platform) by extension 'colcon_meta'
[1.058s] Level 1:colcon.colcon_core.package_identification:_identify(qbot_platform) by extensions ['ros']
[1.058s] Level 1:colcon.colcon_core.package_identification:_identify(qbot_platform) by extension 'ros'
[1.062s] DEBUG:colcon.colcon_core.package_identification:Package 'qbot_platform' with type 'ros.ament_cmake' and name 'qbot_platform'
[1.062s] Level 1:colcon.colcon_core.package_discovery:discover_packages(recursive) using defaults
[1.062s] Level 1:colcon.colcon_core.package_discovery:discover_packages(ignore) discover
[1.063s] Level 1:colcon.colcon_core.package_discovery:discover_packages(ignore) using defaults
[1.063s] Level 1:colcon.colcon_core.package_discovery:discover_packages(path) discover
[1.063s] Level 1:colcon.colcon_core.package_discovery:discover_packages(path) using defaults
[1.111s] Level 1:colcon.colcon_core.package_discovery:discover_packages(prefix_path) check parameters
[1.111s] Level 1:colcon.colcon_core.package_discovery:discover_packages(prefix_path) discover
[1.121s] DEBUG:colcon.colcon_installed_package_information.package_discovery:Found 273 installed packages in /opt/ros/humble
[1.122s] Level 1:colcon.colcon_core.package_discovery:discover_packages(prefix_path) using defaults
[1.284s] Level 5:colcon.colcon_core.verb:set package 'qbot_platform' build argument 'cmake_args' from command line to 'None'
[1.285s] Level 5:colcon.colcon_core.verb:set package 'qbot_platform' build argument 'cmake_target' from command line to 'None'
[1.285s] Level 5:colcon.colcon_core.verb:set package 'qbot_platform' build argument 'cmake_target_skip_unavailable' from command line to 'False'
[1.285s] Level 5:colcon.colcon_core.verb:set package 'qbot_platform' build argument 'cmake_clean_cache' from command line to 'False'
[1.285s] Level 5:colcon.colcon_core.verb:set package 'qbot_platform' build argument 'cmake_clean_first' from command line to 'False'
[1.285s] Level 5:colcon.colcon_core.verb:set package 'qbot_platform' build argument 'cmake_force_configure' from command line to 'False'
[1.285s] Level 5:colcon.colcon_core.verb:set package 'qbot_platform' build argument 'ament_cmake_args' from command line to 'None'
[1.285s] Level 5:colcon.colcon_core.verb:set package 'qbot_platform' build argument 'catkin_cmake_args' from command line to 'None'
[1.285s] Level 5:colcon.colcon_core.verb:set package 'qbot_platform' build argument 'catkin_skip_building_tests' from command line to 'False'
[1.285s] DEBUG:colcon.colcon_core.verb:Building package 'qbot_platform' with the following arguments: {'ament_cmake_args': None, 'build_base': '/home/lucas/Capstone-Project-P004021Eng/Team_01/build/qbot_platform', 'catkin_cmake_args': None, 'catkin_skip_building_tests': False, 'cmake_args': None, 'cmake_clean_cache': False, 'cmake_clean_first': False, 'cmake_force_configure': False, 'cmake_target': None, 'cmake_target_skip_unavailable': False, 'install_base': '/home/lucas/Capstone-Project-P004021Eng/Team_01/install/qbot_platform', 'merge_install': False, 'path': '/home/lucas/Capstone-Project-P004021Eng/Team_01/qbot_platform', 'symlink_install': False, 'test_result_base': None}
[1.285s] INFO:colcon.colcon_core.executor:Executing jobs using 'parallel' executor
[1.287s] DEBUG:colcon.colcon_parallel_executor.executor.parallel:run_until_complete
[1.287s] INFO:colcon.colcon_ros.task.ament_cmake.build:Building ROS package in '/home/lucas/Capstone-Project-P004021Eng/Team_01/qbot_platform' with build type 'ament_cmake'
[1.288s] INFO:colcon.colcon_cmake.task.cmake.build:Building CMake package in '/home/lucas/Capstone-Project-P004021Eng/Team_01/qbot_platform'
[1.298s] INFO:colcon.colcon_core.plugin_system:Skipping extension 'colcon_core.shell.bat': Not used on non-Windows systems
[1.299s] INFO:colcon.colcon_core.shell:Skip shell extension 'powershell' for command environment: Not usable outside of PowerShell
[1.299s] DEBUG:colcon.colcon_core.shell:Skip shell extension 'dsv' for command environment
[1.325s] DEBUG:colcon.colcon_core.event_handler.log_command:Invoking command in '/home/lucas/Capstone-Project-P004021Eng/Team_01/build/qbot_platform': CMAKE_PREFIX_PATH=/opt/ros/humble /usr/bin/cmake --build /home/lucas/Capstone-Project-P004021Eng/Team_01/build/qbot_platform -- -j16 -l16
[1.468s] DEBUG:colcon.colcon_core.event_handler.log_command:Invoked command in '/home/lucas/Capstone-Project-P004021Eng/Team_01/build/qbot_platform' returned '0': CMAKE_PREFIX_PATH=/opt/ros/humble /usr/bin/cmake --build /home/lucas/Capstone-Project-P004021Eng/Team_01/build/qbot_platform -- -j16 -l16
[1.486s] DEBUG:colcon.colcon_core.event_handler.log_command:Invoking command in '/home/lucas/Capstone-Project-P004021Eng/Team_01/build/qbot_platform': CMAKE_PREFIX_PATH=/opt/ros/humble /usr/bin/cmake --install /home/lucas/Capstone-Project-P004021Eng/Team_01/build/qbot_platform
[1.503s] Level 1:colcon.colcon_core.environment:create_environment_scripts_only(qbot_platform)
[1.505s] DEBUG:colcon.colcon_core.event_handler.log_command:Invoked command in '/home/lucas/Capstone-Project-P004021Eng/Team_01/build/qbot_platform' returned '0': CMAKE_PREFIX_PATH=/opt/ros/humble /usr/bin/cmake --install /home/lucas/Capstone-Project-P004021Eng/Team_01/build/qbot_platform
[1.514s] Level 1:colcon.colcon_core.environment:checking '/home/lucas/Capstone-Project-P004021Eng/Team_01/install/qbot_platform' for CMake module files
[1.515s] Level 1:colcon.colcon_core.environment:checking '/home/lucas/Capstone-Project-P004021Eng/Team_01/install/qbot_platform' for CMake config files
[1.515s] Level 1:colcon.colcon_core.shell:create_environment_hook('qbot_platform', 'cmake_prefix_path')
[1.515s] INFO:colcon.colcon_core.shell:Creating environment hook '/home/lucas/Capstone-Project-P004021Eng/Team_01/install/qbot_platform/share/qbot_platform/hook/cmake_prefix_path.ps1'
[1.517s] INFO:colcon.colcon_core.shell:Creating environment descriptor '/home/lucas/Capstone-Project-P004021Eng/Team_01/install/qbot_platform/share/qbot_platform/hook/cmake_prefix_path.dsv'
[1.518s] INFO:colcon.colcon_core.shell:Creating environment hook '/home/lucas/Capstone-Project-P004021Eng/Team_01/install/qbot_platform/share/qbot_platform/hook/cmake_prefix_path.sh'
[1.519s] Level 1:colcon.colcon_core.environment:checking '/home/lucas/Capstone-Project-P004021Eng/Team_01/install/qbot_platform/bin'
[1.520s] Level 1:colcon.colcon_core.environment:checking '/home/lucas/Capstone-Project-P004021Eng/Team_01/install/qbot_platform/lib/pkgconfig/qbot_platform.pc'
[1.520s] Level 1:colcon.colcon_core.environment:checking '/home/lucas/Capstone-Project-P004021Eng/Team_01/install/qbot_platform/lib/python3.10/site-packages'
[1.520s] Level 1:colcon.colcon_core.environment:checking '/home/lucas/Capstone-Project-P004021Eng/Team_01/install/qbot_platform/bin'
[1.521s] INFO:colcon.colcon_core.shell:Creating package script '/home/lucas/Capstone-Project-P004021Eng/Team_01/install/qbot_platform/share/qbot_platform/package.ps1'
[1.523s] INFO:colcon.colcon_core.shell:Creating package descriptor '/home/lucas/Capstone-Project-P004021Eng/Team_01/install/qbot_platform/share/qbot_platform/package.dsv'
[1.525s] INFO:colcon.colcon_core.shell:Creating package script '/home/lucas/Capstone-Project-P004021Eng/Team_01/install/qbot_platform/share/qbot_platform/package.sh'
[1.526s] INFO:colcon.colcon_core.shell:Creating package script '/home/lucas/Capstone-Project-P004021Eng/Team_01/install/qbot_platform/share/qbot_platform/package.bash'
[1.528s] INFO:colcon.colcon_core.shell:Creating package script '/home/lucas/Capstone-Project-P004021Eng/Team_01/install/qbot_platform/share/qbot_platform/package.zsh'
[1.529s] Level 1:colcon.colcon_core.environment:create_file_with_runtime_dependencies(/home/lucas/Capstone-Project-P004021Eng/Team_01/install/qbot_platform/share/colcon-core/packages/qbot_platform)
[1.530s] Level 1:colcon.colcon_core.environment:create_environment_scripts_only(qbot_platform)
[1.530s] Level 1:colcon.colcon_core.environment:checking '/home/lucas/Capstone-Project-P004021Eng/Team_01/install/qbot_platform' for CMake module files
[1.531s] Level 1:colcon.colcon_core.environment:checking '/home/lucas/Capstone-Project-P004021Eng/Team_01/install/qbot_platform' for CMake config files
[1.531s] Level 1:colcon.colcon_core.shell:create_environment_hook('qbot_platform', 'cmake_prefix_path')
[1.531s] INFO:colcon.colcon_core.shell:Creating environment hook '/home/lucas/Capstone-Project-P004021Eng/Team_01/install/qbot_platform/share/qbot_platform/hook/cmake_prefix_path.ps1'
[1.532s] INFO:colcon.colcon_core.shell:Creating environment descriptor '/home/lucas/Capstone-Project-P004021Eng/Team_01/install/qbot_platform/share/qbot_platform/hook/cmake_prefix_path.dsv'
[1.533s] INFO:colcon.colcon_core.shell:Creating environment hook '/home/lucas/Capstone-Project-P004021Eng/Team_01/install/qbot_platform/share/qbot_platform/hook/cmake_prefix_path.sh'
[1.533s] Level 1:colcon.colcon_core.environment:checking '/home/lucas/Capstone-Project-P004021Eng/Team_01/install/qbot_platform/bin'
[1.533s] Level 1:colcon.colcon_core.environment:checking '/home/lucas/Capstone-Project-P004021Eng/Team_01/install/qbot_platform/lib/pkgconfig/qbot_platform.pc'
[1.534s] Level 1:colcon.colcon_core.environment:checking '/home/lucas/Capstone-Project-P004021Eng/Team_01/install/qbot_platform/lib/python3.10/site-packages'
[1.534s] Level 1:colcon.colcon_core.environment:checking '/home/lucas/Capstone-Project-P004021Eng/Team_01/install/qbot_platform/bin'
[1.534s] INFO:colcon.colcon_core.shell:Creating package script '/home/lucas/Capstone-Project-P004021Eng/Team_01/install/qbot_platform/share/qbot_platform/package.ps1'
[1.535s] INFO:colcon.colcon_core.shell:Creating package descriptor '/home/lucas/Capstone-Project-P004021Eng/Team_01/install/qbot_platform/share/qbot_platform/package.dsv'
[1.536s] INFO:colcon.colcon_core.shell:Creating package script '/home/lucas/Capstone-Project-P004021Eng/Team_01/install/qbot_platform/share/qbot_platform/package.sh'
[1.536s] INFO:colcon.colcon_core.shell:Creating package script '/home/lucas/Capstone-Project-P004021Eng/Team_01/install/qbot_platform/share/qbot_platform/package.bash'
[1.537s] INFO:colcon.colcon_core.shell:Creating package script '/home/lucas/Capstone-Project-P004021Eng/Team_01/install/qbot_platform/share/qbot_platform/package.zsh'
[1.537s] Level 1:colcon.colcon_core.environment:create_file_with_runtime_dependencies(/home/lucas/Capstone-Project-P004021Eng/Team_01/install/qbot_platform/share/colcon-core/packages/qbot_platform)
[1.538s] DEBUG:colcon.colcon_parallel_executor.executor.parallel:closing loop
[1.538s] DEBUG:colcon.colcon_parallel_executor.executor.parallel:loop closed
[1.539s] DEBUG:colcon.colcon_parallel_executor.executor.parallel:run_until_complete finished with '0'
[1.539s] DEBUG:colcon.colcon_core.event_reactor:joining thread
[1.634s] INFO:colcon.colcon_core.plugin_system:Skipping extension 'colcon_notification.desktop_notification.notify_send': Could not find 'notify-send'
[1.635s] INFO:colcon.colcon_core.plugin_system:Skipping extension 'colcon_notification.desktop_notification.terminal_notifier': Not used on non-Darwin systems
[1.635s] INFO:colcon.colcon_core.plugin_system:Skipping extension 'colcon_notification.desktop_notification.win32': Not used on non-Windows systems
[1.635s] INFO:colcon.colcon_notification.desktop_notification:Sending desktop notification using 'notify2'
[1.635s] DEBUG:colcon.colcon_notification.desktop_notification.notify2:Failed to initialize notify2: org.freedesktop.DBus.Error.FileNotFound: Failed to connect to socket /run/user/1000/bus: No such file or directory
[1.635s] DEBUG:colcon.colcon_core.event_reactor:joined thread
[1.636s] INFO:colcon.colcon_core.shell:Creating prefix script '/home/lucas/Capstone-Project-P004021Eng/Team_01/install/local_setup.ps1'
[1.639s] INFO:colcon.colcon_core.shell:Creating prefix util module '/home/lucas/Capstone-Project-P004021Eng/Team_01/install/_local_setup_util_ps1.py'
[1.641s] INFO:colcon.colcon_core.shell:Creating prefix chain script '/home/lucas/Capstone-Project-P004021Eng/Team_01/install/setup.ps1'
[1.643s] INFO:colcon.colcon_core.shell:Creating prefix script '/home/lucas/Capstone-Project-P004021Eng/Team_01/install/local_setup.sh'
[1.644s] INFO:colcon.colcon_core.shell:Creating prefix util module '/home/lucas/Capstone-Project-P004021Eng/Team_01/install/_local_setup_util_sh.py'
[1.645s] INFO:colcon.colcon_core.shell:Creating prefix chain script '/home/lucas/Capstone-Project-P004021Eng/Team_01/install/setup.sh'
[1.646s] INFO:colcon.colcon_core.shell:Creating prefix script '/home/lucas/Capstone-Project-P004021Eng/Team_01/install/local_setup.bash'
[1.647s] INFO:colcon.colcon_core.shell:Creating prefix chain script '/home/lucas/Capstone-Project-P004021Eng/Team_01/install/setup.bash'
[1.649s] INFO:colcon.colcon_core.shell:Creating prefix script '/home/lucas/Capstone-Project-P004021Eng/Team_01/install/local_setup.zsh'
[1.650s] INFO:colcon.colcon_core.shell:Creating prefix chain script '/home/lucas/Capstone-Project-P004021Eng/Team_01/install/setup.zsh'
