[0.036s] Invoking command in '/home/lucas/Capstone-Project-P004021Eng/Team_01/build/qbot_platform': CMAKE_PREFIX_PATH=/opt/ros/humble /usr/bin/cmake --build /home/lucas/Capstone-Project-P004021Eng/Team_01/build/qbot_platform -- -j16 -l16
[0.178s] Invoked command in '/home/lucas/Capstone-Project-P004021Eng/Team_01/build/qbot_platform' returned '0': CMAKE_PREFIX_PATH=/opt/ros/humble /usr/bin/cmake --build /home/lucas/Capstone-Project-P004021Eng/Team_01/build/qbot_platform -- -j16 -l16
[0.196s] Invoking command in '/home/lucas/Capstone-Project-P004021Eng/Team_01/build/qbot_platform': CMAKE_PREFIX_PATH=/opt/ros/humble /usr/bin/cmake --install /home/lucas/Capstone-Project-P004021Eng/Team_01/build/qbot_platform
[0.208s] -- Install configuration: ""
[0.208s] -- Up-to-date: /home/lucas/Capstone-Project-P004021Eng/Team_01/install/qbot_platform/share/ament_index/resource_index/package_run_dependencies/qbot_platform
[0.209s] -- Up-to-date: /home/lucas/Capstone-Project-P004021Eng/Team_01/install/qbot_platform/share/ament_index/resource_index/parent_prefix_path/qbot_platform
[0.209s] -- Up-to-date: /home/lucas/Capstone-Project-P004021Eng/Team_01/install/qbot_platform/share/qbot_platform/environment/ament_prefix_path.sh
[0.209s] -- Up-to-date: /home/lucas/Capstone-Project-P004021Eng/Team_01/install/qbot_platform/share/qbot_platform/environment/ament_prefix_path.dsv
[0.210s] -- Up-to-date: /home/lucas/Capstone-Project-P004021Eng/Team_01/install/qbot_platform/share/qbot_platform/environment/path.sh
[0.210s] -- Up-to-date: /home/lucas/Capstone-Project-P004021Eng/Team_01/install/qbot_platform/share/qbot_platform/environment/path.dsv
[0.210s] -- Up-to-date: /home/lucas/Capstone-Project-P004021Eng/Team_01/install/qbot_platform/share/qbot_platform/local_setup.bash
[0.211s] -- Up-to-date: /home/lucas/Capstone-Project-P004021Eng/Team_01/install/qbot_platform/share/qbot_platform/local_setup.sh
[0.211s] -- Up-to-date: /home/lucas/Capstone-Project-P004021Eng/Team_01/install/qbot_platform/share/qbot_platform/local_setup.zsh
[0.211s] -- Up-to-date: /home/lucas/Capstone-Project-P004021Eng/Team_01/install/qbot_platform/share/qbot_platform/local_setup.dsv
[0.211s] -- Up-to-date: /home/lucas/Capstone-Project-P004021Eng/Team_01/install/qbot_platform/share/qbot_platform/package.dsv
[0.211s] -- Up-to-date: /home/lucas/Capstone-Project-P004021Eng/Team_01/install/qbot_platform/share/ament_index/resource_index/packages/qbot_platform
[0.211s] -- Up-to-date: /home/lucas/Capstone-Project-P004021Eng/Team_01/install/qbot_platform/share/qbot_platform/cmake/qbot_platformConfig.cmake
[0.211s] -- Up-to-date: /home/lucas/Capstone-Project-P004021Eng/Team_01/install/qbot_platform/share/qbot_platform/cmake/qbot_platformConfig-version.cmake
[0.211s] -- Up-to-date: /home/lucas/Capstone-Project-P004021Eng/Team_01/install/qbot_platform/share/qbot_platform/package.xml
[0.215s] Invoked command in '/home/lucas/Capstone-Project-P004021Eng/Team_01/build/qbot_platform' returned '0': CMAKE_PREFIX_PATH=/opt/ros/humble /usr/bin/cmake --install /home/lucas/Capstone-Project-P004021Eng/Team_01/build/qbot_platform
