[0.025s] Invoking command in '/home/lucas/Capstone-Project-P004021Eng/Team_01/build/qbot_platform': CMAKE_PREFIX_PATH=/opt/ros/humble /usr/bin/cmake /home/lucas/Capstone-Project-P004021Eng/Team_01/qbot_platform -DCMAKE_INSTALL_PREFIX=/home/lucas/Capstone-Project-P004021Eng/Team_01/install/qbot_platform
[0.476s] -- The C compiler identification is GNU 11.4.0
[1.343s] -- The CXX compiler identification is GNU 11.4.0
[1.903s] -- Detecting C compiler ABI info
[2.147s] -- Detecting C compiler ABI info - done
[2.153s] -- Check for working C compiler: /usr/bin/cc - skipped
[2.155s] -- Detecting C compile features
[2.156s] -- Detecting C compile features - done
[2.161s] -- Detecting CXX compiler ABI info
[2.391s] -- Detecting CXX compiler ABI info - done
[2.398s] -- Check for working CXX compiler: /usr/bin/c++ - skipped
[2.398s] -- Detecting CXX compile features
[2.398s] -- Detecting CXX compile features - done
[2.414s] -- Found ament_cmake: 1.3.14 (/opt/ros/humble/share/ament_cmake/cmake)
[2.572s] -- Found Python3: /usr/bin/python3 (found version "3.10.12") found components: Interpreter 
[2.703s] -- Found ament_lint_auto: 0.12.15 (/opt/ros/humble/share/ament_lint_auto/cmake)
[2.797s] -- Added test 'lint_cmake' to check CMake code style
[2.799s] -- Added test 'xmllint' to check XML markup files
[2.802s] -- Configuring done
[2.810s] -- Generating done
[2.814s] -- Build files have been written to: /home/lucas/Capstone-Project-P004021Eng/Team_01/build/qbot_platform
[2.820s] Invoked command in '/home/lucas/Capstone-Project-P004021Eng/Team_01/build/qbot_platform' returned '0': CMAKE_PREFIX_PATH=/opt/ros/humble /usr/bin/cmake /home/lucas/Capstone-Project-P004021Eng/Team_01/qbot_platform -DCMAKE_INSTALL_PREFIX=/home/lucas/Capstone-Project-P004021Eng/Team_01/install/qbot_platform
[2.823s] Invoking command in '/home/lucas/Capstone-Project-P004021Eng/Team_01/build/qbot_platform': CMAKE_PREFIX_PATH=/opt/ros/humble /usr/bin/cmake --build /home/lucas/Capstone-Project-P004021Eng/Team_01/build/qbot_platform -- -j16 -l16
[2.870s] Invoked command in '/home/lucas/Capstone-Project-P004021Eng/Team_01/build/qbot_platform' returned '0': CMAKE_PREFIX_PATH=/opt/ros/humble /usr/bin/cmake --build /home/lucas/Capstone-Project-P004021Eng/Team_01/build/qbot_platform -- -j16 -l16
[2.882s] Invoking command in '/home/lucas/Capstone-Project-P004021Eng/Team_01/build/qbot_platform': CMAKE_PREFIX_PATH=/opt/ros/humble /usr/bin/cmake --install /home/lucas/Capstone-Project-P004021Eng/Team_01/build/qbot_platform
[2.889s] -- Install configuration: ""
[2.892s] -- Installing: /home/lucas/Capstone-Project-P004021Eng/Team_01/install/qbot_platform/share/ament_index/resource_index/package_run_dependencies/qbot_platform
[2.893s] -- Installing: /home/lucas/Capstone-Project-P004021Eng/Team_01/install/qbot_platform/share/ament_index/resource_index/parent_prefix_path/qbot_platform
[2.894s] -- Installing: /home/lucas/Capstone-Project-P004021Eng/Team_01/install/qbot_platform/share/qbot_platform/environment/ament_prefix_path.sh
[2.894s] -- Installing: /home/lucas/Capstone-Project-P004021Eng/Team_01/install/qbot_platform/share/qbot_platform/environment/ament_prefix_path.dsv
[2.894s] -- Installing: /home/lucas/Capstone-Project-P004021Eng/Team_01/install/qbot_platform/share/qbot_platform/environment/path.sh
[2.895s] -- Installing: /home/lucas/Capstone-Project-P004021Eng/Team_01/install/qbot_platform/share/qbot_platform/environment/path.dsv
[2.895s] -- Installing: /home/lucas/Capstone-Project-P004021Eng/Team_01/install/qbot_platform/share/qbot_platform/local_setup.bash
[2.896s] -- Installing: /home/lucas/Capstone-Project-P004021Eng/Team_01/install/qbot_platform/share/qbot_platform/local_setup.sh
[2.897s] -- Installing: /home/lucas/Capstone-Project-P004021Eng/Team_01/install/qbot_platform/share/qbot_platform/local_setup.zsh
[2.897s] -- Installing: /home/lucas/Capstone-Project-P004021Eng/Team_01/install/qbot_platform/share/qbot_platform/local_setup.dsv
[2.897s] -- Installing: /home/lucas/Capstone-Project-P004021Eng/Team_01/install/qbot_platform/share/qbot_platform/package.dsv
[2.898s] -- Installing: /home/lucas/Capstone-Project-P004021Eng/Team_01/install/qbot_platform/share/ament_index/resource_index/packages/qbot_platform
[2.898s] -- Installing: /home/lucas/Capstone-Project-P004021Eng/Team_01/install/qbot_platform/share/qbot_platform/cmake/qbot_platformConfig.cmake
[2.898s] -- Installing: /home/lucas/Capstone-Project-P004021Eng/Team_01/install/qbot_platform/share/qbot_platform/cmake/qbot_platformConfig-version.cmake
[2.899s] -- Installing: /home/lucas/Capstone-Project-P004021Eng/Team_01/install/qbot_platform/share/qbot_platform/package.xml
[2.903s] Invoked command in '/home/lucas/Capstone-Project-P004021Eng/Team_01/build/qbot_platform' returned '0': CMAKE_PREFIX_PATH=/opt/ros/humble /usr/bin/cmake --install /home/lucas/Capstone-Project-P004021Eng/Team_01/build/qbot_platform
